apks/ffplayer-1.0/logs/manifest-merger-release-report.txt
-- Merging decision tree log ---
manifest
ADDED from src/main/AndroidManifest.xml:2:1-54:12
INJECTED from src/main/AndroidManifest.xml:2:1-54:12
MERGED from [androidx.databinding:databinding-adapters:4.2.1] AndroidManifest.xml:17:1-22:12
MERGED from [androidx.databinding:databinding-runtime:4.2.1] AndroidManifest.xml:17:1-22:12
MERGED from [:module_recorder] AndroidManifest.xml:2:1-25:12
MERGED from [com.blankj:utilcode:1.30.0] AndroidManifest.xml:2:1-41:12
MERGED from [androidx.databinding:viewbinding:4.2.1] AndroidManifest.xml:17:1-22:12
MERGED from [:lib_ffmpeg] AndroidManifest.xml:2:1-9:12
MERGED from [com.google.android.material:material:1.2.1] AndroidManifest.xml:17:1-24:12
MERGED from [androidx.core:core-ktx:1.3.2] AndroidManifest.xml:2:1-9:12
MERGED from [androidx.constraintlayout:constraintlayout:2.0.4] AndroidManifest.xml:2:1-11:12
MERGED from [androidx.appcompat:appcompat:1.2.0] AndroidManifest.xml:17:1-24:12
MERGED from [androidx.viewpager2:viewpager2:1.0.0] AndroidManifest.xml:17:1-24:12
MERGED from [androidx.fragment:fragment:1.1.0] AndroidManifest.xml:17:1-24:12
MERGED from [androidx.appcompat:appcompat-resources:1.2.0] AndroidManifest.xml:17:1-24:12
MERGED from [androidx.drawerlayout:drawerlayout:1.0.0] AndroidManifest.xml:17:1-22:12
MERGED from [androidx.coordinatorlayout:coordinatorlayout:1.1.0] AndroidManifest.xml:17:1-24:12
MERGED from [androidx.transition:transition:1.2.0] AndroidManifest.xml:17:1-24:12
MERGED from [androidx.vectordrawable:vectordrawable-animated:1.1.0] AndroidManifest.xml:17:1-24:12
MERGED from [androidx.vectordrawable:vectordrawable:1.1.0] AndroidManifest.xml:17:1-24:12
MERGED from [androidx.viewpager:viewpager:1.0.0] AndroidManifest.xml:17:1-22:12
MERGED from [androidx.loader:loader:1.0.0] AndroidManifest.xml:17:1-22:12
MERGED from [androidx.activity:activity:1.0.0] AndroidManifest.xml:17:1-24:12
MERGED from [androidx.recyclerview:recyclerview:1.1.0] AndroidManifest.xml:17:1-24:12
MERGED from [androidx.customview:customview:1.0.0] AndroidManifest.xml:17:1-22:12
MERGED from [androidx.core:core:1.3.2] AndroidManifest.xml:17:1-26:12
MERGED from [androidx.lifecycle:lifecycle-runtime:2.1.0] AndroidManifest.xml:17:1-22:12
MERGED from [androidx.versionedparcelable:versionedparcelable:1.1.0] AndroidManifest.xml:17:1-27:12
MERGED from [androidx.cursoradapter:cursoradapter:1.0.0] AndroidManifest.xml:17:1-22:12
MERGED from [androidx.cardview:cardview:1.0.0] AndroidManifest.xml:17:1-22:12
MERGED from [androidx.lifecycle:lifecycle-viewmodel:2.1.0] AndroidManifest.xml:17:1-22:12
MERGED from [androidx.savedstate:savedstate:1.0.0] AndroidManifest.xml:17:1-24:12
MERGED from [androidx.interpolator:interpolator:1.0.0] AndroidManifest.xml:17:1-22:12
MERGED from [androidx.lifecycle:lifecycle-livedata:2.0.0] AndroidManifest.xml:17:1-22:12
MERGED from [androidx.lifecycle:lifecycle-livedata-core:2.0.0] AndroidManifest.xml:17:1-22:12
MERGED from [androidx.arch.core:core-runtime:2.0.0] AndroidManifest.xml:17:1-22:12
MERGED from [androidx.annotation:annotation-experimental:1.0.0] AndroidManifest.xml:17:1-24:12
INJECTED from src/main/AndroidManifest.xml:2:1-54:12
	package
		ADDED from src/main/AndroidManifest.xml:4:5-34
		INJECTED from src/main/AndroidManifest.xml
		INJECTED from src/main/AndroidManifest.xml
	xmlns:tools
		ADDED from src/main/AndroidManifest.xml:3:5-51
	xmlns:android
		ADDED from src/main/AndroidManifest.xml:2:11-69
uses-permission#android.permission.RECEIVE_BOOT_COMPLETED
ADDED from src/main/AndroidManifest.xml:7:5-81
	android:name
		ADDED from src/main/AndroidManifest.xml:7:22-78
uses-permission#android.permission.WRITE_EXTERNAL_STORAGE
ADDED from src/main/AndroidManifest.xml:8:5-81
MERGED from [:module_recorder] AndroidManifest.xml:9:5-81
MERGED from [:module_recorder] AndroidManifest.xml:9:5-81
	android:name
		ADDED from src/main/AndroidManifest.xml:8:22-78
uses-permission#android.permission.READ_EXTERNAL_STORAGE
ADDED from src/main/AndroidManifest.xml:9:5-80
MERGED from [:module_recorder] AndroidManifest.xml:10:5-80
MERGED from [:module_recorder] AndroidManifest.xml:10:5-80
	android:name
		ADDED from src/main/AndroidManifest.xml:9:22-77
uses-permission#android.permission.INTERNET
ADDED from src/main/AndroidManifest.xml:10:5-67
MERGED from [:module_recorder] AndroidManifest.xml:11:5-67
MERGED from [:module_recorder] AndroidManifest.xml:11:5-67
	android:name
		ADDED from src/main/AndroidManifest.xml:10:22-64
uses-permission#android.permission.VOLUME_CHANGED_ACTION
ADDED from src/main/AndroidManifest.xml:11:5-80
	android:name
		ADDED from src/main/AndroidManifest.xml:11:22-77
uses-permission#android.permission.READ_PHONE_STATE
ADDED from src/main/AndroidManifest.xml:12:5-75
	android:name
		ADDED from src/main/AndroidManifest.xml:12:22-72
uses-permission#android.permission.CAMERA
ADDED from src/main/AndroidManifest.xml:13:5-65
	android:name
		ADDED from src/main/AndroidManifest.xml:13:22-62
uses-permission#android.permission.ACCESS_WIFI_STATE
ADDED from src/main/AndroidManifest.xml:14:5-76
	android:name
		ADDED from src/main/AndroidManifest.xml:14:22-73
uses-permission#android.permission.ACCESS_NETWORK_STATE
ADDED from src/main/AndroidManifest.xml:15:5-79
	android:name
		ADDED from src/main/AndroidManifest.xml:15:22-76
uses-permission#android.permission.SYSTEM_ALERT_WINDOW
ADDED from src/main/AndroidManifest.xml:16:5-78
MERGED from [:module_recorder] AndroidManifest.xml:12:5-78
MERGED from [:module_recorder] AndroidManifest.xml:12:5-78
	android:name
		ADDED from src/main/AndroidManifest.xml:16:22-75
application
ADDED from src/main/AndroidManifest.xml:18:5-51:19
MERGED from [:module_recorder] AndroidManifest.xml:15:5-23:19
MERGED from [:module_recorder] AndroidManifest.xml:15:5-23:19
MERGED from [com.blankj:utilcode:1.30.0] AndroidManifest.xml:9:5-39:19
MERGED from [com.blankj:utilcode:1.30.0] AndroidManifest.xml:9:5-39:19
MERGED from [com.google.android.material:material:1.2.1] AndroidManifest.xml:22:5-20
MERGED from [com.google.android.material:material:1.2.1] AndroidManifest.xml:22:5-20
MERGED from [androidx.constraintlayout:constraintlayout:2.0.4] AndroidManifest.xml:9:5-20
MERGED from [androidx.constraintlayout:constraintlayout:2.0.4] AndroidManifest.xml:9:5-20
MERGED from [androidx.core:core:1.3.2] AndroidManifest.xml:24:5-89
MERGED from [androidx.core:core:1.3.2] AndroidManifest.xml:24:5-89
MERGED from [androidx.versionedparcelable:versionedparcelable:1.1.0] AndroidManifest.xml:24:5-25:19
MERGED from [androidx.versionedparcelable:versionedparcelable:1.1.0] AndroidManifest.xml:24:5-25:19
	android:requestLegacyExternalStorage
		ADDED from src/main/AndroidManifest.xml:24:9-52
	android:appComponentFactory
		ADDED from [androidx.core:core:1.3.2] AndroidManifest.xml:24:18-86
	android:supportsRtl
		ADDED from src/main/AndroidManifest.xml:25:9-35
	android:label
		ADDED from src/main/AndroidManifest.xml:22:9-38
	android:hardwareAccelerated
		ADDED from src/main/AndroidManifest.xml:20:9-43
	tools:ignore
		ADDED from src/main/AndroidManifest.xml:27:9-48
	android:largeHeap
		ADDED from src/main/AndroidManifest.xml:23:9-33
	android:icon
		ADDED from src/main/AndroidManifest.xml:21:9-52
	android:allowBackup
		ADDED from src/main/AndroidManifest.xml:19:9-35
	android:theme
		ADDED from src/main/AndroidManifest.xml:26:9-40
	tools:replace
		ADDED from src/main/AndroidManifest.xml:28:9-38
activity#com.pcyfox.module_recoder.ui.activity.RMainActivity
ADDED from src/main/AndroidManifest.xml:29:9-39:20
MERGED from [:module_recorder] AndroidManifest.xml:16:9-88
MERGED from [:module_recorder] AndroidManifest.xml:16:9-88
	android:screenOrientation
		ADDED from src/main/AndroidManifest.xml:31:13-50
	android:turnScreenOn
		ADDED from src/main/AndroidManifest.xml:32:13-40
	android:windowSoftInputMode
		ADDED from src/main/AndroidManifest.xml:33:13-69
	android:name
		ADDED from src/main/AndroidManifest.xml:30:13-79
intent-filter#action:name:android.intent.action.MAIN+category:name:android.intent.category.LAUNCHER
ADDED from src/main/AndroidManifest.xml:34:13-38:29
action#android.intent.action.MAIN
ADDED from src/main/AndroidManifest.xml:35:17-69
	android:name
		ADDED from src/main/AndroidManifest.xml:35:25-66
category#android.intent.category.LAUNCHER
ADDED from src/main/AndroidManifest.xml:37:17-77
	android:name
		ADDED from src/main/AndroidManifest.xml:37:27-74
activity#com.pcyfox.module_recoder.ui.activity.RecordeMulitVideoTestActivity
ADDED from src/main/AndroidManifest.xml:41:9-45:72
	android:screenOrientation
		ADDED from src/main/AndroidManifest.xml:43:13-50
	android:turnScreenOn
		ADDED from src/main/AndroidManifest.xml:44:13-40
	android:windowSoftInputMode
		ADDED from src/main/AndroidManifest.xml:45:13-69
	android:name
		ADDED from src/main/AndroidManifest.xml:42:13-95
activity#com.pcyfox.module_recoder.ui.activity.MediaRecorderActivity
ADDED from src/main/AndroidManifest.xml:46:9-50:72
	android:screenOrientation
		ADDED from src/main/AndroidManifest.xml:48:13-50
	android:turnScreenOn
		ADDED from src/main/AndroidManifest.xml:49:13-40
	android:windowSoftInputMode
		ADDED from src/main/AndroidManifest.xml:50:13-69
	android:name
		ADDED from src/main/AndroidManifest.xml:47:13-87
uses-sdk
INJECTED from src/main/AndroidManifest.xml reason: use-sdk injection requested
INJECTED from src/main/AndroidManifest.xml
INJECTED from src/main/AndroidManifest.xml
MERGED from [androidx.databinding:databinding-adapters:4.2.1] AndroidManifest.xml:20:5-44
MERGED from [androidx.databinding:databinding-adapters:4.2.1] AndroidManifest.xml:20:5-44
MERGED from [androidx.databinding:databinding-runtime:4.2.1] AndroidManifest.xml:20:5-44
MERGED from [androidx.databinding:databinding-runtime:4.2.1] AndroidManifest.xml:20:5-44
MERGED from [:module_recorder] AndroidManifest.xml:5:5-7:41
MERGED from [:module_recorder] AndroidManifest.xml:5:5-7:41
MERGED from [com.blankj:utilcode:1.30.0] AndroidManifest.xml:7:5-44
MERGED from [com.blankj:utilcode:1.30.0] AndroidManifest.xml:7:5-44
MERGED from [androidx.databinding:viewbinding:4.2.1] AndroidManifest.xml:20:5-44
MERGED from [androidx.databinding:viewbinding:4.2.1] AndroidManifest.xml:20:5-44
MERGED from [:lib_ffmpeg] AndroidManifest.xml:5:5-7:41
MERGED from [:lib_ffmpeg] AndroidManifest.xml:5:5-7:41
MERGED from [com.google.android.material:material:1.2.1] AndroidManifest.xml:20:5-44
MERGED from [com.google.android.material:material:1.2.1] AndroidManifest.xml:20:5-44
MERGED from [androidx.core:core-ktx:1.3.2] AndroidManifest.xml:5:5-7:41
MERGED from [androidx.core:core-ktx:1.3.2] AndroidManifest.xml:5:5-7:41
MERGED from [androidx.constraintlayout:constraintlayout:2.0.4] AndroidManifest.xml:5:5-7:41
MERGED from [androidx.constraintlayout:constraintlayout:2.0.4] AndroidManifest.xml:5:5-7:41
MERGED from [androidx.appcompat:appcompat:1.2.0] AndroidManifest.xml:20:5-22:41
MERGED from [androidx.appcompat:appcompat:1.2.0] AndroidManifest.xml:20:5-22:41
MERGED from [androidx.viewpager2:viewpager2:1.0.0] AndroidManifest.xml:20:5-22:41
MERGED from [androidx.viewpager2:viewpager2:1.0.0] AndroidManifest.xml:20:5-22:41
MERGED from [androidx.fragment:fragment:1.1.0] AndroidManifest.xml:20:5-22:41
MERGED from [androidx.fragment:fragment:1.1.0] AndroidManifest.xml:20:5-22:41
MERGED from [androidx.appcompat:appcompat-resources:1.2.0] AndroidManifest.xml:20:5-22:41
MERGED from [androidx.appcompat:appcompat-resources:1.2.0] AndroidManifest.xml:20:5-22:41
MERGED from [androidx.drawerlayout:drawerlayout:1.0.0] AndroidManifest.xml:20:5-44
MERGED from [androidx.drawerlayout:drawerlayout:1.0.0] AndroidManifest.xml:20:5-44
MERGED from [androidx.coordinatorlayout:coordinatorlayout:1.1.0] AndroidManifest.xml:20:5-22:41
MERGED from [androidx.coordinatorlayout:coordinatorlayout:1.1.0] AndroidManifest.xml:20:5-22:41
MERGED from [androidx.transition:transition:1.2.0] AndroidManifest.xml:20:5-22:41
MERGED from [androidx.transition:transition:1.2.0] AndroidManifest.xml:20:5-22:41
MERGED from [androidx.vectordrawable:vectordrawable-animated:1.1.0] AndroidManifest.xml:20:5-22:41
MERGED from [androidx.vectordrawable:vectordrawable-animated:1.1.0] AndroidManifest.xml:20:5-22:41
MERGED from [androidx.vectordrawable:vectordrawable:1.1.0] AndroidManifest.xml:20:5-22:41
MERGED from [androidx.vectordrawable:vectordrawable:1.1.0] AndroidManifest.xml:20:5-22:41
MERGED from [androidx.viewpager:viewpager:1.0.0] AndroidManifest.xml:20:5-44
MERGED from [androidx.viewpager:viewpager:1.0.0] AndroidManifest.xml:20:5-44
MERGED from [androidx.loader:loader:1.0.0] AndroidManifest.xml:20:5-44
MERGED from [androidx.loader:loader:1.0.0] AndroidManifest.xml:20:5-44
MERGED from [androidx.activity:activity:1.0.0] AndroidManifest.xml:20:5-22:41
MERGED from [androidx.activity:activity:1.0.0] AndroidManifest.xml:20:5-22:41
MERGED from [androidx.recyclerview:recyclerview:1.1.0] AndroidManifest.xml:20:5-22:41
MERGED from [androidx.recyclerview:recyclerview:1.1.0] AndroidManifest.xml:20:5-22:41
MERGED from [androidx.customview:customview:1.0.0] AndroidManifest.xml:20:5-44
MERGED from [androidx.customview:customview:1.0.0] AndroidManifest.xml:20:5-44
MERGED from [androidx.core:core:1.3.2] AndroidManifest.xml:20:5-22:41
MERGED from [androidx.core:core:1.3.2] AndroidManifest.xml:20:5-22:41
MERGED from [androidx.lifecycle:lifecycle-runtime:2.1.0] AndroidManifest.xml:20:5-44
MERGED from [androidx.lifecycle:lifecycle-runtime:2.1.0] AndroidManifest.xml:20:5-44
MERGED from [androidx.versionedparcelable:versionedparcelable:1.1.0] AndroidManifest.xml:20:5-22:41
MERGED from [androidx.versionedparcelable:versionedparcelable:1.1.0] AndroidManifest.xml:20:5-22:41
MERGED from [androidx.cursoradapter:cursoradapter:1.0.0] AndroidManifest.xml:20:5-44
MERGED from [androidx.cursoradapter:cursoradapter:1.0.0] AndroidManifest.xml:20:5-44
MERGED from [androidx.cardview:cardview:1.0.0] AndroidManifest.xml:20:5-44
MERGED from [androidx.cardview:cardview:1.0.0] AndroidManifest.xml:20:5-44
MERGED from [androidx.lifecycle:lifecycle-viewmodel:2.1.0] AndroidManifest.xml:20:5-44
MERGED from [androidx.lifecycle:lifecycle-viewmodel:2.1.0] AndroidManifest.xml:20:5-44
MERGED from [androidx.savedstate:savedstate:1.0.0] AndroidManifest.xml:20:5-22:41
MERGED from [androidx.savedstate:savedstate:1.0.0] AndroidManifest.xml:20:5-22:41
MERGED from [androidx.interpolator:interpolator:1.0.0] AndroidManifest.xml:20:5-44
MERGED from [androidx.interpolator:interpolator:1.0.0] AndroidManifest.xml:20:5-44
MERGED from [androidx.lifecycle:lifecycle-livedata:2.0.0] AndroidManifest.xml:20:5-44
MERGED from [androidx.lifecycle:lifecycle-livedata:2.0.0] AndroidManifest.xml:20:5-44
MERGED from [androidx.lifecycle:lifecycle-livedata-core:2.0.0] AndroidManifest.xml:20:5-44
MERGED from [androidx.lifecycle:lifecycle-livedata-core:2.0.0] AndroidManifest.xml:20:5-44
MERGED from [androidx.arch.core:core-runtime:2.0.0] AndroidManifest.xml:20:5-44
MERGED from [androidx.arch.core:core-runtime:2.0.0] AndroidManifest.xml:20:5-44
MERGED from [androidx.annotation:annotation-experimental:1.0.0] AndroidManifest.xml:20:5-22:41
MERGED from [androidx.annotation:annotation-experimental:1.0.0] AndroidManifest.xml:20:5-22:41
INJECTED from src/main/AndroidManifest.xml
INJECTED from src/main/AndroidManifest.xml
	android:targetSdkVersion
		INJECTED from src/main/AndroidManifest.xml
		ADDED from src/main/AndroidManifest.xml
		INJECTED from src/main/AndroidManifest.xml
	android:minSdkVersion
		INJECTED from src/main/AndroidManifest.xml
		ADDED from src/main/AndroidManifest.xml
		INJECTED from src/main/AndroidManifest.xml
uses-permission#android.permission.RECORD_AUDIO
ADDED from [:module_recorder] AndroidManifest.xml:13:5-71
	android:name
		ADDED from [:module_recorder] AndroidManifest.xml:13:22-68
activity#com.pcyfox.module_recoder.ui.activity.TestRecorderActivity
ADDED from [:module_recorder] AndroidManifest.xml:17:9-19:53
	android:screenOrientation
		ADDED from [:module_recorder] AndroidManifest.xml:19:13-50
	android:name
		ADDED from [:module_recorder] AndroidManifest.xml:18:13-86
activity#com.pcyfox.module_recoder.ui.activity.LocalVideoPlayTestActivity
ADDED from [:module_recorder] AndroidManifest.xml:20:9-22:53
	android:screenOrientation
		ADDED from [:module_recorder] AndroidManifest.xml:22:13-50
	android:name
		ADDED from [:module_recorder] AndroidManifest.xml:21:13-92
activity#com.blankj.utilcode.util.UtilsTransActivity4MainProcess
ADDED from [com.blankj:utilcode:1.30.0] AndroidManifest.xml:10:9-14:75
	android:windowSoftInputMode
		ADDED from [com.blankj:utilcode:1.30.0] AndroidManifest.xml:14:13-72
	android:configChanges
		ADDED from [com.blankj:utilcode:1.30.0] AndroidManifest.xml:12:13-74
	android:theme
		ADDED from [com.blankj:utilcode:1.30.0] AndroidManifest.xml:13:13-55
	android:name
		ADDED from [com.blankj:utilcode:1.30.0] AndroidManifest.xml:11:13-83
activity#com.blankj.utilcode.util.UtilsTransActivity
ADDED from [com.blankj:utilcode:1.30.0] AndroidManifest.xml:15:9-20:75
	android:multiprocess
		ADDED from [com.blankj:utilcode:1.30.0] AndroidManifest.xml:18:13-40
	android:windowSoftInputMode
		ADDED from [com.blankj:utilcode:1.30.0] AndroidManifest.xml:20:13-72
	android:configChanges
		ADDED from [com.blankj:utilcode:1.30.0] AndroidManifest.xml:17:13-74
	android:theme
		ADDED from [com.blankj:utilcode:1.30.0] AndroidManifest.xml:19:13-55
	android:name
		ADDED from [com.blankj:utilcode:1.30.0] AndroidManifest.xml:16:13-71
provider#com.blankj.utilcode.util.UtilsFileProvider
ADDED from [com.blankj:utilcode:1.30.0] AndroidManifest.xml:22:9-30:20
	android:grantUriPermissions
		ADDED from [com.blankj:utilcode:1.30.0] AndroidManifest.xml:26:13-47
	android:authorities
		ADDED from [com.blankj:utilcode:1.30.0] AndroidManifest.xml:24:13-69
	android:exported
		ADDED from [com.blankj:utilcode:1.30.0] AndroidManifest.xml:25:13-37
	android:name
		ADDED from [com.blankj:utilcode:1.30.0] AndroidManifest.xml:23:13-70
meta-data#android.support.FILE_PROVIDER_PATHS
ADDED from [com.blankj:utilcode:1.30.0] AndroidManifest.xml:27:13-29:68
	android:resource
		ADDED from [com.blankj:utilcode:1.30.0] AndroidManifest.xml:29:17-65
	android:name
		ADDED from [com.blankj:utilcode:1.30.0] AndroidManifest.xml:28:17-67
service#com.blankj.utilcode.util.MessengerUtils$ServerService
ADDED from [com.blankj:utilcode:1.30.0] AndroidManifest.xml:32:9-38:19
	android:exported
		ADDED from [com.blankj:utilcode:1.30.0] AndroidManifest.xml:34:13-37
	android:name
		ADDED from [com.blankj:utilcode:1.30.0] AndroidManifest.xml:33:13-81
intent-filter#action:name:${applicationId}.messenger
ADDED from [com.blankj:utilcode:1.30.0] AndroidManifest.xml:35:13-37:29
intent-filter#action:name:com.pcyfox.ffplayer.messenger
ADDED from [com.blankj:utilcode:1.30.0] AndroidManifest.xml:35:13-37:29
action#${applicationId}.messenger
ADDED from [com.blankj:utilcode:1.30.0] AndroidManifest.xml:36:17-69
	android:name
		ADDED from [com.blankj:utilcode:1.30.0] AndroidManifest.xml:36:25-66
action#com.pcyfox.ffplayer.messenger
ADDED from [com.blankj:utilcode:1.30.0] AndroidManifest.xml:36:17-69
	android:name
		ADDED from [com.blankj:utilcode:1.30.0] AndroidManifest.xml:36:25-66